Detroit Lions @ Kansas City Chiefs: 0-0
Carolina Panthers @ Atlanta Falcons: 0-0
Cincinnati Bengals @ Cleveland Browns: 0-0
Jacksonville Jaguars @ Indianapolis Colts: 0-0
Tampa Bay Buccaneers @ Minnesota Vikings: 0-0
Tennessee Titans @ New Orleans Saints: 0-0
San Francisco 49ers @ Pittsburgh Steelers: 0-0
Arizona Cardinals @ Washington Commanders: 0-0
Houston Texans @ Baltimore Ravens: 0-0
Green Bay Packers @ Chicago Bears: 0-0
Las Vegas Raiders @ Denver Broncos: 0-0
Philadelphia Eagles @ New England Patriots: 0-0
Miami Dolphins @ Los Angeles Chargers: 0-0
Los Angeles Rams @ Seattle Seahawks: 0-0
Dallas Cowboys @ New York Giants: 0-0
Buffalo Bills @ New York Jets: 0-0
Detroit Lions @ Kansas City Chiefs: 21-20
Carolina Panthers @ Atlanta Falcons: 10-24
Cincinnati Bengals @ Cleveland Browns: 3-24
Jacksonville Jaguars @ Indianapolis Colts: 31-21
Tampa Bay Buccaneers @ Minnesota Vikings: 20-17
Tennessee Titans @ New Orleans Saints: 15-16
San Francisco 49ers @ Pittsburgh Steelers: 30-7
Arizona Cardinals @ Washington Commanders: 16-20
Houston Texans @ Baltimore Ravens: 9-25
Green Bay Packers @ Chicago Bears: 38-20
Las Vegas Raiders @ Denver Broncos: 17-16
Philadelphia Eagles @ New England Patriots: 25-20
Miami Dolphins @ Los Angeles Chargers: 36-34
Los Angeles Rams @ Seattle Seahawks: 30-13
Dallas Cowboys @ New York Giants: 40-0
Buffalo Bills @ New York Jets: 16-22
